<?xml version="1.0" encoding="UTF-8"?>
<!-- Generated by org.testng.reporters.JUnitXMLReporter -->
<testsuite ignored="2" hostname="Jamunas-MacBook-Pro.local" failures="0" tests="1" name="Default test" time="2.946" errors="0" timestamp="2026-02-04T12:15:34 IST">
  <testcase classname="postCallsInGorest.PostCallAPI" name="createAUser1" time="2.894"/>
  <testcase classname="postCallsInGorest.PostCallAPI" name="createARandomUser1" time="0.0">
    <ignored/>
  </testcase> <!-- createARandomUser1 -->
  <testcase classname="postCallsInGorest.PostCallAPI" name="createAUserusingFIle" time="0.0">
    <ignored/>
  </testcase> <!-- createAUserusingFIle -->
</testsuite> <!-- Default test -->
