<?xml version="1.0" encoding="UTF-8"?>
<!-- Generated by org.testng.reporters.JUnitReportReporter -->
<testsuite hostname="Jamunas-MacBook-Pro.local" failures="0" tests="6" name="requestandresponsespecification.RequestSpecificationTest" time="2.948" errors="0" timestamp="2026-01-31T08:44:50 IST" skipped="0">
  <testcase classname="requestandresponsespecification.RequestSpecificationTest" name="getallalbums" time="2.106"/>
  <testcase classname="requestandresponsespecification.RequestSpecificationTest" name="getallposts" time="0.130"/>
  <testcase classname="requestandresponsespecification.RequestSpecificationTest" name="getallphotos" time="0.296"/>
  <testcase classname="requestandresponsespecification.RequestSpecificationTest" name="getallcomments" time="0.196"/>
  <testcase classname="requestandresponsespecification.RequestSpecificationTest" name="getallusers" time="0.114"/>
  <testcase classname="requestandresponsespecification.RequestSpecificationTest" name="getalltodos" time="0.106"/>
</testsuite> <!-- requestandresponsespecification.RequestSpecificationTest -->
