<?xml version="1.0" encoding="UTF-8"?>
<!-- Generated by org.testng.reporters.JUnitReportReporter -->
<testsuite hostname="Jamunas-MacBook-Pro.local" failures="0" tests="2" name="responseValidation.GetAllUsers" time="2.950" errors="0" timestamp="2026-01-06T09:21:13 IST" skipped="1">
  <testcase classname="responseValidation.GetAllUsers" name="getAllMaleUserAndAsserting" time="2.950"/>
  <testcase classname="responseValidation.GetAllUsers" name="multiplepathparam">
    <skipped/>
  </testcase> <!-- multiplepathparam -->
</testsuite> <!-- responseValidation.GetAllUsers -->
