<?xml version="1.0" encoding="UTF-8"?>
<!-- Generated by org.testng.reporters.JUnitReportReporter -->
<testsuite hostname="Jamunas-MacBook-Pro.local" failures="0" tests="1" name="requestandresponsespecification.WithRequestSpecification" time="3.028" errors="0" timestamp="2026-01-31T09:07:01 IST" skipped="0">
  <testcase classname="requestandresponsespecification.WithRequestSpecification" name="getallresources" time="3.028"/>
</testsuite> <!-- requestandresponsespecification.WithRequestSpecification -->
