<?xml version="1.0" encoding="UTF-8"?>
<!-- Generated by org.testng.reporters.JUnitReportReporter -->
<testsuite hostname="Jamunas-MacBook-Pro.local" failures="0" tests="1" name="requestandresponsespecification.GoRestRequestandResponseSpecification" time="1.899" errors="0" timestamp="2026-01-31T09:30:29 IST" skipped="0">
  <testcase classname="requestandresponsespecification.GoRestRequestandResponseSpecification" name="getallmaleactive" time="1.899"/>
</testsuite> <!-- requestandresponsespecification.GoRestRequestandResponseSpecification -->
