<?xml version="1.0" encoding="UTF-8"?>
<!-- Generated by org.testng.reporters.JUnitReportReporter -->
<testsuite hostname="Jamunas-MacBook-Pro.local" failures="0" tests="2" name="createcontactapi.GoRestAPIBDD" time="2.454" errors="0" timestamp="2025-10-07T22:42:58 IST" skipped="0">
  <testcase classname="createcontactapi.GoRestAPIBDD" name="getSingleUser" time="0.227"/>
  <testcase classname="createcontactapi.GoRestAPIBDD" name="authTest" time="2.227"/>
</testsuite> <!-- createcontactapi.GoRestAPIBDD -->
