<?xml version="1.0" encoding="UTF-8"?>
<!-- Generated by org.testng.reporters.JUnitReportReporter -->
<testsuite hostname="Jamunas-MacBook-Pro.local" failures="0" tests="1" name="requestResponseSpecificationConcepts.RequestSpecTest" time="2.720" errors="0" timestamp="2025-10-26T09:36:17 IST" skipped="0">
  <testcase classname="requestResponseSpecificationConcepts.RequestSpecTest" name="reqResSpecficationTest" time="2.720"/>
</testsuite> <!-- requestResponseSpecificationConcepts.RequestSpecTest -->
